# JRE version: Java(TM) SE Runtime Environment (8.0_171-b11) (build 1.8.0_171-b11)
# Java VM: Java HotSpot(TM) 64-Bit Server VM (25.171-b11 mixed mode linux-amd64 compressed oops)
Heap:
 PSYoungGen      total 337920K, used 274996K [0x00000000d7000000, 0x00000000ec980000, 0x0000000100000000)
  eden space 322048K, 85% used [0x00000000d7000000,0x00000000e7c8d200,0x00000000eaa80000)
  from space 15872K, 0% used [0x00000000eba00000,0x00000000eba00000,0x00000000ec980000)
  to   space 15872K, 0% used [0x00000000eaa80000,0x00000000eaa80000,0x00000000eba00000)
 ParOldGen       total 93696K, used 26882K [0x0000000085000000, 0x000000008ab80000, 0x00000000d7000000)
  object space 93696K, 28% used [0x0000000085000000,0x0000000086a40940,0x000000008ab80000)
 Metaspace       used 51814K, capacity 54590K, committed 54824K, reserved 1097728K
  class space    used 6858K, capacity 7418K, committed 7472K, reserved 1048576K
GC Heap History (10 events):
Event: 232.844 GC heap before
{Heap before GC invocations=21 (full 5):
 PSYoungGen      total 295936K, used 276616K [0x00000000d7000000, 0x00000000ea180000, 0x0000000100000000)
  eden space 279040K, 99% used [0x00000000d7000000,0x00000000e7e22028,0x00000000e8080000)
  from space 16896K, 0% used [0x00000000e8080000,0x00000000e8080000,0x00000000e9100000)
  to   space 16896K, 0% used [0x00000000e9100000,0x00000000e9100000,0x00000000ea180000)
 ParOldGen       total 93696K, used 27389K [0x0000000085000000, 0x000000008ab80000, 0x00000000d7000000)
  object space 93696K, 29% used [0x0000000085000000,0x0000000086abf648,0x000000008ab80000)
 Metaspace       used 50849K, capacity 53432K, committed 53672K, reserved 1095680K
  class space    used 6737K, capacity 7219K, committed 7344K, reserved 1048576K
Event: 232.878 GC heap after
Heap after GC invocations=21 (full 5):
 PSYoungGen      total 294912K, used 4192K [0x00000000d7000000, 0x00000000ea080000, 0x0000000100000000)
  eden space 279040K, 0% used [0x00000000d7000000,0x00000000d7000000,0x00000000e8080000)
  from space 15872K, 26% used [0x00000000e9100000,0x00000000e9518008,0x00000000ea080000)
  to   space 16384K, 0% used [0x00000000e8080000,0x00000000e8080000,0x00000000e9080000)
 ParOldGen       total 93696K, used 27397K [0x0000000085000000, 0x000000008ab80000, 0x00000000d7000000)
  object space 93696K, 29% used [0x0000000085000000,0x0000000086ac1648,0x000000008ab80000)
 Metaspace       used 50849K, capacity 53432K, committed 53672K, reserved 1095680K
  class space    used 6737K, capacity 7219K, committed 7344K, reserved 1048576K
}
Event: 232.878 GC heap before
{Heap before GC invocations=22 (full 6):
 PSYoungGen      total 294912K, used 4192K [0x00000000d7000000, 0x00000000ea080000, 0x0000000100000000)
  eden space 279040K, 0% used [0x00000000d7000000,0x00000000d7000000,0x00000000e8080000)
  from space 15872K, 26% used [0x00000000e9100000,0x00000000e9518008,0x00000000ea080000)
  to   space 16384K, 0% used [0x00000000e8080000,0x00000000e8080000,0x00000000e9080000)
 ParOldGen       total 93696K, used 27397K [0x0000000085000000, 0x000000008ab80000, 0x00000000d7000000)
  object space 93696K, 29% used [0x0000000085000000,0x0000000086ac1648,0x000000008ab80000)
 Metaspace       used 50849K, capacity 53432K, committed 53672K, reserved 1095680K
  class space    used 6737K, capacity 7219K, committed 7344K, reserved 1048576K
Event: 233.037 GC heap after
Heap after GC invocations=22 (full 6):
 PSYoungGen      total 294912K, used 0K [0x00000000d7000000, 0x00000000ea080000, 0x0000000100000000)
  eden space 279040K, 0% used [0x00000000d7000000,0x00000000d7000000,0x00000000e8080000)
  from space 15872K, 0% used [0x00000000e9100000,0x00000000e9100000,0x00000000ea080000)
  to   space 16384K, 0% used [0x00000000e8080000,0x00000000e8080000,0x00000000e9080000)
 ParOldGen       total 93696K, used 27680K [0x0000000085000000, 0x000000008ab80000, 0x00000000d7000000)
  object space 93696K, 29% used [0x0000000085000000,0x0000000086b08298,0x000000008ab80000)
 Metaspace       used 50846K, capacity 53426K, committed 53672K, reserved 1095680K
  class space    used 6736K, capacity 7217K, committed 7344K, reserved 1048576K
}
Event: 334.276 GC heap before
{Heap before GC invocations=23 (full 6):
 PSYoungGen      total 294912K, used 279040K [0x00000000d7000000, 0x00000000ea080000, 0x0000000100000000)
  eden space 279040K, 100% used [0x00000000d7000000,0x00000000e8080000,0x00000000e8080000)
  from space 15872K, 0% used [0x00000000e9100000,0x00000000e9100000,0x00000000ea080000)
  to   space 16384K, 0% used [0x00000000e8080000,0x00000000e8080000,0x00000000e9080000)
 ParOldGen       total 93696K, used 27680K [0x0000000085000000, 0x000000008ab80000, 0x00000000d7000000)
  object space 93696K, 29% used [0x0000000085000000,0x0000000086b08298,0x000000008ab80000)
 Metaspace       used 51146K, capacity 53744K, committed 53928K, reserved 1095680K
  class space    used 6759K, capacity 7258K, committed 7344K, reserved 1048576K
Event: 334.281 GC heap after
Heap after GC invocations=23 (full 6):
 PSYoungGen      total 295424K, used 5840K [0x00000000d7000000, 0x00000000ec980000, 0x0000000100000000)
  eden space 279040K, 0% used [0x00000000d7000000,0x00000000d7000000,0x00000000e8080000)
  from space 16384K, 35% used [0x00000000e8080000,0x00000000e8634068,0x00000000e9080000)
  to   space 15872K, 0% used [0x00000000eba00000,0x00000000eba00000,0x00000000ec980000)
 ParOldGen       total 93696K, used 27688K [0x0000000085000000, 0x000000008ab80000, 0x00000000d7000000)
  object space 93696K, 29% used [0x0000000085000000,0x0000000086b0a298,0x000000008ab80000)
 Metaspace       used 51146K, capacity 53744K, committed 53928K, reserved 1095680K
  class space    used 6759K, capacity 7258K, committed 7344K, reserved 1048576K
}
Event: 403.345 GC heap before
{Heap before GC invocations=24 (full 6):
 PSYoungGen      total 295424K, used 31931K [0x00000000d7000000, 0x00000000ec980000, 0x0000000100000000)
  eden space 279040K, 9% used [0x00000000d7000000,0x00000000d897ae20,0x00000000e8080000)
  from space 16384K, 35% used [0x00000000e8080000,0x00000000e8634068,0x00000000e9080000)
  to   space 15872K, 0% used [0x00000000eba00000,0x00000000eba00000,0x00000000ec980000)
 ParOldGen       total 93696K, used 27688K [0x0000000085000000, 0x000000008ab80000, 0x00000000d7000000)
  object space 93696K, 29% used [0x0000000085000000,0x0000000086b0a298,0x000000008ab80000)
 Metaspace       used 51148K, capacity 53750K, committed 53928K, reserved 1095680K
  class space    used 6759K, capacity 7260K, committed 7344K, reserved 1048576K
Event: 403.352 GC heap after
Heap after GC invocations=24 (full 6):
 PSYoungGen      total 337920K, used 3024K [0x00000000d7000000, 0x00000000ec980000, 0x0000000100000000)
  eden space 322048K, 0% used [0x00000000d7000000,0x00000000d7000000,0x00000000eaa80000)
  from space 15872K, 19% used [0x00000000eba00000,0x00000000ebcf4090,0x00000000ec980000)
  to   space 15872K, 0% used [0x00000000eaa80000,0x00000000eaa80000,0x00000000eba00000)
 ParOldGen       total 93696K, used 27696K [0x0000000085000000, 0x000000008ab80000, 0x00000000d7000000)
  object space 93696K, 29% used [0x0000000085000000,0x0000000086b0c298,0x000000008ab80000)
 Metaspace       used 51148K, capacity 53750K, committed 53928K, reserved 1095680K
  class space    used 6759K, capacity 7260K, committed 7344K, reserved 1048576K
}
Event: 403.352 GC heap before
{Heap before GC invocations=25 (full 7):
 PSYoungGen      total 337920K, used 3024K [0x00000000d7000000, 0x00000000ec980000, 0x0000000100000000)
  eden space 322048K, 0% used [0x00000000d7000000,0x00000000d7000000,0x00000000eaa80000)
  from space 15872K, 19% used [0x00000000eba00000,0x00000000ebcf4090,0x00000000ec980000)
  to   space 15872K, 0% used [0x00000000eaa80000,0x00000000eaa80000,0x00000000eba00000)
 ParOldGen       total 93696K, used 27696K [0x0000000085000000, 0x000000008ab80000, 0x00000000d7000000)
  object space 93696K, 29% used [0x0000000085000000,0x0000000086b0c298,0x000000008ab80000)
 Metaspace       used 51148K, capacity 53750K, committed 53928K, reserved 1095680K
  class space    used 6759K, capacity 7260K, committed 7344K, reserved 1048576K
Event: 403.468 GC heap after
Heap after GC invocations=25 (full 7):
 PSYoungGen      total 337920K, used 0K [0x00000000d7000000, 0x00000000ec980000, 0x0000000100000000)
  eden space 322048K, 0% used [0x00000000d7000000,0x00000000d7000000,0x00000000eaa80000)
  from space 15872K, 0% used [0x00000000eba00000,0x00000000eba00000,0x00000000ec980000)
  to   space 15872K, 0% used [0x00000000eaa80000,0x00000000eaa80000,0x00000000eba00000)
 ParOldGen       total 93696K, used 26882K [0x0000000085000000, 0x000000008ab80000, 0x00000000d7000000)
  object space 93696K, 28% used [0x0000000085000000,0x0000000086a40940,0x000000008ab80000)
 Metaspace       used 51146K, capacity 53744K, committed 53928K, reserved 1095680K
  class space    used 6759K, capacity 7258K, committed 7344K, reserved 1048576K
}

